<?xml version="1.0" encoding="utf-8"?><testsuites name="pytest tests"><testsuite name="pytest" errors="0" failures="0" skipped="0" tests="39" time="29.322" timestamp="2026-07-04T18:37:25.016345+01:00" hostname="timapple-m5"><testcase classname="tests.test_benchmark" name="test_benchmark" time="2.933" /><testcase classname="tests.test_errors" name="test_unknown_model" time="0.022" /><testcase classname="tests.test_errors" name="test_malformed_json" time="0.003" /><testcase classname="tests.test_errors" name="test_missing_messages" time="0.002" /><testcase classname="tests.test_errors" name="test_omlx_auth_required" time="0.001" /><testcase classname="tests.test_matrix" name="test_architecture_cell[mlx-community--DeepSeek-R1-Distill-Qwen-1.5B-4bit]" time="1.306" /><testcase classname="tests.test_schema" name="test_nonstream_toplevel_shape[mlx-community--DeepSeek-R1-Distill-Qwen-1.5B-4bit]" time="0.177" /><testcase classname="tests.test_schema" name="test_usage_object_shape[mlx-community--DeepSeek-R1-Distill-Qwen-1.5B-4bit]" time="0.183" /><testcase classname="tests.test_schema" name="test_sse_chunk_shape[mlx-community--DeepSeek-R1-Distill-Qwen-1.5B-4bit]" time="0.158" /><testcase classname="tests.test_semantic" name="test_output_token_agreement[mlx-community--DeepSeek-R1-Distill-Qwen-1.5B-4bit]" time="0.337" /><testcase classname="tests.test_semantic" name="test_streamed_delta_count_matches_usage[mlx-community--DeepSeek-R1-Distill-Qwen-1.5B-4bit]" time="0.341" /><testcase classname="tests.test_semantic" name="test_visible_text_agreement[mlx-community--DeepSeek-R1-Distill-Qwen-1.5B-4bit]" time="0.340" /><testcase classname="tests.test_streaming" name="test_done_terminator[mlx-community--DeepSeek-R1-Distill-Qwen-1.5B-4bit]" time="0.161" /><testcase classname="tests.test_streaming" name="test_event_order[mlx-community--DeepSeek-R1-Distill-Qwen-1.5B-4bit]" time="0.162" /><testcase classname="tests.test_streaming" name="test_include_usage_gating[mlx-community--DeepSeek-R1-Distill-Qwen-1.5B-4bit]" time="0.313" /><testcase classname="tests.test_streaming" name="test_socket_close_after_done[mlx-community--DeepSeek-R1-Distill-Qwen-1.5B-4bit]" time="4.181" /><testcase classname="tests.test_matrix" name="test_architecture_cell[mlx-community--Llama-3.2-1B-Instruct-4bit]" time="1.366" /><testcase classname="tests.test_schema" name="test_nonstream_toplevel_shape[mlx-community--Llama-3.2-1B-Instruct-4bit]" time="0.100" /><testcase classname="tests.test_schema" name="test_usage_object_shape[mlx-community--Llama-3.2-1B-Instruct-4bit]" time="0.101" /><testcase classname="tests.test_schema" name="test_sse_chunk_shape[mlx-community--Llama-3.2-1B-Instruct-4bit]" time="0.106" /><testcase classname="tests.test_semantic" name="test_output_token_agreement[mlx-community--Llama-3.2-1B-Instruct-4bit]" time="0.107" /><testcase classname="tests.test_semantic" name="test_streamed_delta_count_matches_usage[mlx-community--Llama-3.2-1B-Instruct-4bit]" time="0.108" /><testcase classname="tests.test_semantic" name="test_visible_text_agreement[mlx-community--Llama-3.2-1B-Instruct-4bit]" time="0.103" /><testcase classname="tests.test_streaming" name="test_done_terminator[mlx-community--Llama-3.2-1B-Instruct-4bit]" time="0.110" /><testcase classname="tests.test_streaming" name="test_event_order[mlx-community--Llama-3.2-1B-Instruct-4bit]" time="0.109" /><testcase classname="tests.test_streaming" name="test_include_usage_gating[mlx-community--Llama-3.2-1B-Instruct-4bit]" time="0.212" /><testcase classname="tests.test_streaming" name="test_socket_close_after_done[mlx-community--Llama-3.2-1B-Instruct-4bit]" time="4.153" /><testcase classname="tests.test_matrix" name="test_architecture_cell[mlx-community--Qwen3-0.6B-4bit]" time="0.765" /><testcase classname="tests.test_schema" name="test_nonstream_toplevel_shape[mlx-community--Qwen3-0.6B-4bit]" time="0.174" /><testcase classname="tests.test_schema" name="test_usage_object_shape[mlx-community--Qwen3-0.6B-4bit]" time="0.137" /><testcase classname="tests.test_schema" name="test_sse_chunk_shape[mlx-community--Qwen3-0.6B-4bit]" time="0.123" /><testcase classname="tests.test_semantic" name="test_output_token_agreement[mlx-community--Qwen3-0.6B-4bit]" time="0.236" /><testcase classname="tests.test_semantic" name="test_streamed_delta_count_matches_usage[mlx-community--Qwen3-0.6B-4bit]" time="0.242" /><testcase classname="tests.test_semantic" name="test_visible_text_agreement[mlx-community--Qwen3-0.6B-4bit]" time="0.237" /><testcase classname="tests.test_streaming" name="test_done_terminator[mlx-community--Qwen3-0.6B-4bit]" time="0.121" /><testcase classname="tests.test_streaming" name="test_event_order[mlx-community--Qwen3-0.6B-4bit]" time="0.121" /><testcase classname="tests.test_streaming" name="test_include_usage_gating[mlx-community--Qwen3-0.6B-4bit]" time="0.244" /><testcase classname="tests.test_streaming" name="test_socket_close_after_done[mlx-community--Qwen3-0.6B-4bit]" time="4.161" /><testcase classname="tests.test_matrix" name="test_architecture_cell[mlx-community--gemma-4-e2b-it-4bit]" time="5.544" /></testsuite></testsuites>