<?xml version="1.0" encoding="utf-8"?><testsuites name="pytest tests"><testsuite name="pytest" errors="0" failures="0" skipped="0" tests="42" time="30.836" timestamp="2026-07-04T20:11:48.388703+01:00" hostname="timapple-m5"><testcase classname="tests.test_benchmark" name="test_benchmark" time="5.277" /><testcase classname="tests.test_endpoints" name="test_health" time="0.006" /><testcase classname="tests.test_endpoints" name="test_completions_shape" time="0.097" /><testcase classname="tests.test_endpoints" name="test_embeddings_shape" time="0.004" /><testcase classname="tests.test_errors" name="test_unknown_model" time="0.003" /><testcase classname="tests.test_errors" name="test_malformed_json" time="0.003" /><testcase classname="tests.test_errors" name="test_missing_messages" time="0.003" /><testcase classname="tests.test_errors" name="test_omlx_auth_required" time="0.001" /><testcase classname="tests.test_matrix" name="test_architecture_cell[DeepSeek-R1-Distill-Qwen-1.5B-4bit]" time="1.097" /><testcase classname="tests.test_schema" name="test_nonstream_toplevel_shape[DeepSeek-R1-Distill-Qwen-1.5B-4bit]" time="0.172" /><testcase classname="tests.test_schema" name="test_usage_object_shape[DeepSeek-R1-Distill-Qwen-1.5B-4bit]" time="0.180" /><testcase classname="tests.test_schema" name="test_sse_chunk_shape[DeepSeek-R1-Distill-Qwen-1.5B-4bit]" time="0.158" /><testcase classname="tests.test_semantic" name="test_output_token_agreement[DeepSeek-R1-Distill-Qwen-1.5B-4bit]" time="0.327" /><testcase classname="tests.test_semantic" name="test_streamed_delta_count_matches_usage[DeepSeek-R1-Distill-Qwen-1.5B-4bit]" time="0.334" /><testcase classname="tests.test_semantic" name="test_visible_text_agreement[DeepSeek-R1-Distill-Qwen-1.5B-4bit]" time="0.330" /><testcase classname="tests.test_streaming" name="test_done_terminator[DeepSeek-R1-Distill-Qwen-1.5B-4bit]" time="0.152" /><testcase classname="tests.test_streaming" name="test_event_order[DeepSeek-R1-Distill-Qwen-1.5B-4bit]" time="0.152" /><testcase classname="tests.test_streaming" name="test_include_usage_gating[DeepSeek-R1-Distill-Qwen-1.5B-4bit]" time="0.307" /><testcase classname="tests.test_streaming" name="test_socket_close_after_done[DeepSeek-R1-Distill-Qwen-1.5B-4bit]" time="4.159" /><testcase classname="tests.test_matrix" name="test_architecture_cell[Llama-3.2-1B-Instruct-4bit]" time="1.371" /><testcase classname="tests.test_schema" name="test_nonstream_toplevel_shape[Llama-3.2-1B-Instruct-4bit]" time="0.094" /><testcase classname="tests.test_schema" name="test_usage_object_shape[Llama-3.2-1B-Instruct-4bit]" time="0.100" /><testcase classname="tests.test_schema" name="test_sse_chunk_shape[Llama-3.2-1B-Instruct-4bit]" time="0.098" /><testcase classname="tests.test_semantic" name="test_output_token_agreement[Llama-3.2-1B-Instruct-4bit]" time="0.106" /><testcase classname="tests.test_semantic" name="test_streamed_delta_count_matches_usage[Llama-3.2-1B-Instruct-4bit]" time="0.103" /><testcase classname="tests.test_semantic" name="test_visible_text_agreement[Llama-3.2-1B-Instruct-4bit]" time="0.102" /><testcase classname="tests.test_streaming" name="test_done_terminator[Llama-3.2-1B-Instruct-4bit]" time="0.107" /><testcase classname="tests.test_streaming" name="test_event_order[Llama-3.2-1B-Instruct-4bit]" time="0.108" /><testcase classname="tests.test_streaming" name="test_include_usage_gating[Llama-3.2-1B-Instruct-4bit]" time="0.213" /><testcase classname="tests.test_streaming" name="test_socket_close_after_done[Llama-3.2-1B-Instruct-4bit]" time="4.131" /><testcase classname="tests.test_matrix" name="test_architecture_cell[Qwen3-0.6B-4bit]" time="0.207" /><testcase classname="tests.test_schema" name="test_nonstream_toplevel_shape[Qwen3-0.6B-4bit]" time="0.141" /><testcase classname="tests.test_schema" name="test_usage_object_shape[Qwen3-0.6B-4bit]" time="0.139" /><testcase classname="tests.test_schema" name="test_sse_chunk_shape[Qwen3-0.6B-4bit]" time="0.124" /><testcase classname="tests.test_semantic" name="test_output_token_agreement[Qwen3-0.6B-4bit]" time="0.231" /><testcase classname="tests.test_semantic" name="test_streamed_delta_count_matches_usage[Qwen3-0.6B-4bit]" time="0.233" /><testcase classname="tests.test_semantic" name="test_visible_text_agreement[Qwen3-0.6B-4bit]" time="0.237" /><testcase classname="tests.test_streaming" name="test_done_terminator[Qwen3-0.6B-4bit]" time="0.121" /><testcase classname="tests.test_streaming" name="test_event_order[Qwen3-0.6B-4bit]" time="0.122" /><testcase classname="tests.test_streaming" name="test_include_usage_gating[Qwen3-0.6B-4bit]" time="0.241" /><testcase classname="tests.test_streaming" name="test_socket_close_after_done[Qwen3-0.6B-4bit]" time="4.146" /><testcase classname="tests.test_matrix" name="test_architecture_cell[gemma-4-E2B-it-qat-4bit]" time="5.575" /></testsuite></testsuites>